{"/Users/jiangjin/Documents/02_ algorithm/gin-algorithm/src/index.ts": {"path":"/Users/jiangjin/Documents/02_ algorithm/gin-algorithm/src/index.ts","statementMap":{"0":{"start":{"line":1,"column":0},"end":{"line":1,"column":31}},"1":{"start":{"line":2,"column":0},"end":{"line":2,"column":31}}},"fnMap":{},"branchMap":{},"s":{"0":2,"1":2},"f":{},"b":{}}
,"/Users/jiangjin/Documents/02_ algorithm/gin-algorithm/src/01_50.pow(L)/01_50.pow(L)_7.4.ts": {"path":"/Users/jiangjin/Documents/02_ algorithm/gin-algorithm/src/01_50.pow(L)/01_50.pow(L)_7.4.ts","statementMap":{"0":{"start":{"line":9,"column":2},"end":{"line":11,"column":null}},"1":{"start":{"line":10,"column":4},"end":{"line":10,"column":13}},"2":{"start":{"line":13,"column":12},"end":{"line":13,"column":42}},"3":{"start":{"line":15,"column":2},"end":{"line":15,"column":40}},"4":{"start":{"line":8,"column":0},"end":{"line":8,"column":16}}},"fnMap":{"0":{"name":"quickMul","decl":{"start":{"line":8,"column":16},"end":{"line":8,"column":24}},"loc":{"start":{"line":8,"column":45},"end":{"line":16,"column":1}}}},"branchMap":{"0":{"loc":{"start":{"line":9,"column":2},"end":{"line":11,"column":null}},"type":"if","locations":[{"start":{"line":9,"column":2},"end":{"line":11,"column":null}}]},"1":{"loc":{"start":{"line":15,"column":9},"end":{"line":15,"column":39}},"type":"cond-expr","locations":[{"start":{"line":15,"column":22},"end":{"line":15,"column":27}},{"start":{"line":15,"column":30},"end":{"line":15,"column":39}}]}},"s":{"0":17,"1":4,"2":13,"3":13,"4":2},"f":{"0":17},"b":{"0":[4],"1":[7,6]}}
,"/Users/jiangjin/Documents/02_ algorithm/gin-algorithm/src/01_50.pow(L)/index.ts": {"path":"/Users/jiangjin/Documents/02_ algorithm/gin-algorithm/src/01_50.pow(L)/index.ts","statementMap":{"0":{"start":{"line":1,"column":0},"end":{"line":1,"column":35}}},"fnMap":{},"branchMap":{},"s":{"0":2},"f":{},"b":{}}
,"/Users/jiangjin/Documents/02_ algorithm/gin-algorithm/src/02_155最小栈(L)/02_155最小栈(L)_7.4.ts": {"path":"/Users/jiangjin/Documents/02_ algorithm/gin-algorithm/src/02_155最小栈(L)/02_155最小栈(L)_7.4.ts","statementMap":{"0":{"start":{"line":5,"column":0},"end":{"line":5,"column":62}},"1":{"start":{"line":6,"column":0},"end":{"line":6,"column":26}},"2":{"start":{"line":14,"column":30},"end":{"line":35,"column":3}},"3":{"start":{"line":16,"column":8},"end":{"line":16,"column":24}},"4":{"start":{"line":17,"column":8},"end":{"line":17,"column":35}},"5":{"start":{"line":19,"column":4},"end":{"line":22,"column":6}},"6":{"start":{"line":20,"column":8},"end":{"line":20,"column":31}},"7":{"start":{"line":21,"column":8},"end":{"line":21,"column":85}},"8":{"start":{"line":23,"column":4},"end":{"line":27,"column":6}},"9":{"start":{"line":24,"column":16},"end":{"line":24,"column":32}},"10":{"start":{"line":25,"column":8},"end":{"line":25,"column":28}},"11":{"start":{"line":26,"column":8},"end":{"line":26,"column":17}},"12":{"start":{"line":28,"column":4},"end":{"line":30,"column":6}},"13":{"start":{"line":29,"column":8},"end":{"line":29,"column":49}},"14":{"start":{"line":31,"column":4},"end":{"line":33,"column":6}},"15":{"start":{"line":32,"column":8},"end":{"line":32,"column":55}},"16":{"start":{"line":34,"column":4},"end":{"line":34,"column":20}},"17":{"start":{"line":36,"column":0},"end":{"line":36,"column":28}}},"fnMap":{"0":{"name":"(anonymous_0)","decl":{"start":{"line":14,"column":30},"end":{"line":14,"column":31}},"loc":{"start":{"line":14,"column":42},"end":{"line":35,"column":1}},"line":14},"1":{"name":"MinStack","decl":{"start":{"line":15,"column":13},"end":{"line":15,"column":21}},"loc":{"start":{"line":15,"column":24},"end":{"line":18,"column":5}},"line":15},"2":{"name":"(anonymous_2)","decl":{"start":{"line":19,"column":30},"end":{"line":19,"column":31}},"loc":{"start":{"line":19,"column":47},"end":{"line":22,"column":5}},"line":19},"3":{"name":"(anonymous_3)","decl":{"start":{"line":23,"column":29},"end":{"line":23,"column":30}},"loc":{"start":{"line":23,"column":41},"end":{"line":27,"column":5}},"line":23},"4":{"name":"(anonymous_4)","decl":{"start":{"line":28,"column":29},"end":{"line":28,"column":30}},"loc":{"start":{"line":28,"column":41},"end":{"line":30,"column":5}},"line":28},"5":{"name":"(anonymous_5)","decl":{"start":{"line":31,"column":32},"end":{"line":31,"column":33}},"loc":{"start":{"line":31,"column":44},"end":{"line":33,"column":5}},"line":31}},"branchMap":{},"s":{"0":2,"1":2,"2":2,"3":2,"4":2,"5":2,"6":3,"7":3,"8":2,"9":1,"10":1,"11":1,"12":2,"13":1,"14":2,"15":2,"16":2,"17":2},"f":{"0":2,"1":2,"2":3,"3":1,"4":1,"5":2},"b":{},"inputSourceMap":null,"_coverageSchema":"1a1c01bbd47fc00a2c39e90264f33305004495a9","hash":"ec495928663d2bd7c235375f0f021af0134317da"}
,"/Users/jiangjin/Documents/02_ algorithm/gin-algorithm/src/02_155最小栈(L)/index.ts": {"path":"/Users/jiangjin/Documents/02_ algorithm/gin-algorithm/src/02_155最小栈(L)/index.ts","statementMap":{"0":{"start":{"line":1,"column":0},"end":{"line":1,"column":35}}},"fnMap":{},"branchMap":{},"s":{"0":2},"f":{},"b":{}}
}
