{"/Users/jiangjin/Documents/02_gin/gin-algorithm/src/index.ts": {"path":"/Users/jiangjin/Documents/02_gin/gin-algorithm/src/index.ts","statementMap":{"0":{"start":{"line":1,"column":0},"end":{"line":1,"column":30}},"1":{"start":{"line":2,"column":0},"end":{"line":2,"column":30}},"2":{"start":{"line":3,"column":0},"end":{"line":3,"column":39}},"3":{"start":{"line":4,"column":0},"end":{"line":4,"column":32}},"4":{"start":{"line":5,"column":0},"end":{"line":5,"column":23}}},"fnMap":{},"branchMap":{},"s":{"0":4,"1":4,"2":4,"3":4,"4":4},"f":{},"b":{}}
,"/Users/jiangjin/Documents/02_gin/gin-algorithm/src/01_50.pow(L)/01_50.pow(L)_7.4.ts": {"path":"/Users/jiangjin/Documents/02_gin/gin-algorithm/src/01_50.pow(L)/01_50.pow(L)_7.4.ts","statementMap":{"0":{"start":{"line":9,"column":2},"end":{"line":11,"column":null}},"1":{"start":{"line":10,"column":4},"end":{"line":10,"column":null}},"2":{"start":{"line":13,"column":12},"end":{"line":13,"column":42}},"3":{"start":{"line":15,"column":2},"end":{"line":15,"column":null}},"4":{"start":{"line":8,"column":0},"end":{"line":8,"column":16}}},"fnMap":{"0":{"name":"quickMul","decl":{"start":{"line":8,"column":16},"end":{"line":8,"column":24}},"loc":{"start":{"line":8,"column":45},"end":{"line":16,"column":1}}}},"branchMap":{"0":{"loc":{"start":{"line":9,"column":2},"end":{"line":11,"column":null}},"type":"if","locations":[{"start":{"line":9,"column":2},"end":{"line":11,"column":null}}]},"1":{"loc":{"start":{"line":15,"column":9},"end":{"line":15,"column":39}},"type":"cond-expr","locations":[{"start":{"line":15,"column":22},"end":{"line":15,"column":27}},{"start":{"line":15,"column":30},"end":{"line":15,"column":39}}]}},"s":{"0":0,"1":0,"2":0,"3":0,"4":0},"f":{"0":0},"b":{"0":[0],"1":[0,0]}}
,"/Users/jiangjin/Documents/02_gin/gin-algorithm/src/01_50.pow(L)/01_50.pow(L)_7.5.ts": {"path":"/Users/jiangjin/Documents/02_gin/gin-algorithm/src/01_50.pow(L)/01_50.pow(L)_7.5.ts","statementMap":{"0":{"start":{"line":9,"column":2},"end":{"line":11,"column":null}},"1":{"start":{"line":10,"column":4},"end":{"line":10,"column":null}},"2":{"start":{"line":13,"column":12},"end":{"line":13,"column":42}},"3":{"start":{"line":17,"column":2},"end":{"line":17,"column":null}},"4":{"start":{"line":8,"column":0},"end":{"line":8,"column":16}}},"fnMap":{"0":{"name":"quickMul","decl":{"start":{"line":8,"column":16},"end":{"line":8,"column":24}},"loc":{"start":{"line":8,"column":45},"end":{"line":18,"column":1}}}},"branchMap":{"0":{"loc":{"start":{"line":9,"column":2},"end":{"line":11,"column":null}},"type":"if","locations":[{"start":{"line":9,"column":2},"end":{"line":11,"column":null}}]},"1":{"loc":{"start":{"line":17,"column":9},"end":{"line":17,"column":39}},"type":"cond-expr","locations":[{"start":{"line":17,"column":22},"end":{"line":17,"column":27}},{"start":{"line":17,"column":30},"end":{"line":17,"column":39}}]}},"s":{"0":0,"1":0,"2":0,"3":0,"4":0},"f":{"0":0},"b":{"0":[0],"1":[0,0]}}
,"/Users/jiangjin/Documents/02_gin/gin-algorithm/src/01_50.pow(L)/01_50.pow(L)_7.9.ts": {"path":"/Users/jiangjin/Documents/02_gin/gin-algorithm/src/01_50.pow(L)/01_50.pow(L)_7.9.ts","statementMap":{"0":{"start":{"line":11,"column":2},"end":{"line":13,"column":null}},"1":{"start":{"line":12,"column":4},"end":{"line":12,"column":null}},"2":{"start":{"line":15,"column":12},"end":{"line":15,"column":42}},"3":{"start":{"line":17,"column":2},"end":{"line":17,"column":null}},"4":{"start":{"line":10,"column":0},"end":{"line":10,"column":16}}},"fnMap":{"0":{"name":"quickMul","decl":{"start":{"line":10,"column":16},"end":{"line":10,"column":24}},"loc":{"start":{"line":10,"column":45},"end":{"line":18,"column":1}}}},"branchMap":{"0":{"loc":{"start":{"line":11,"column":2},"end":{"line":13,"column":null}},"type":"if","locations":[{"start":{"line":11,"column":2},"end":{"line":13,"column":null}}]},"1":{"loc":{"start":{"line":17,"column":9},"end":{"line":17,"column":39}},"type":"cond-expr","locations":[{"start":{"line":17,"column":22},"end":{"line":17,"column":27}},{"start":{"line":17,"column":30},"end":{"line":17,"column":39}}]}},"s":{"0":17,"1":4,"2":13,"3":13,"4":4},"f":{"0":17},"b":{"0":[4],"1":[7,6]}}
,"/Users/jiangjin/Documents/02_gin/gin-algorithm/src/01_50.pow(L)/index.ts": {"path":"/Users/jiangjin/Documents/02_gin/gin-algorithm/src/01_50.pow(L)/index.ts","statementMap":{"0":{"start":{"line":3,"column":0},"end":{"line":3,"column":34}}},"fnMap":{},"branchMap":{},"s":{"0":4},"f":{},"b":{}}
,"/Users/jiangjin/Documents/02_gin/gin-algorithm/src/02_155最小栈(L)/02_155最小栈(L)_7.4.ts": {"path":"/Users/jiangjin/Documents/02_gin/gin-algorithm/src/02_155最小栈(L)/02_155最小栈(L)_7.4.ts","statementMap":{"0":{"start":{"line":5,"column":0},"end":{"line":5,"column":62}},"1":{"start":{"line":6,"column":0},"end":{"line":6,"column":26}},"2":{"start":{"line":14,"column":30},"end":{"line":35,"column":3}},"3":{"start":{"line":16,"column":8},"end":{"line":16,"column":24}},"4":{"start":{"line":17,"column":8},"end":{"line":17,"column":35}},"5":{"start":{"line":19,"column":4},"end":{"line":22,"column":6}},"6":{"start":{"line":20,"column":8},"end":{"line":20,"column":31}},"7":{"start":{"line":21,"column":8},"end":{"line":21,"column":85}},"8":{"start":{"line":23,"column":4},"end":{"line":27,"column":6}},"9":{"start":{"line":24,"column":16},"end":{"line":24,"column":32}},"10":{"start":{"line":25,"column":8},"end":{"line":25,"column":28}},"11":{"start":{"line":26,"column":8},"end":{"line":26,"column":17}},"12":{"start":{"line":28,"column":4},"end":{"line":30,"column":6}},"13":{"start":{"line":29,"column":8},"end":{"line":29,"column":49}},"14":{"start":{"line":31,"column":4},"end":{"line":33,"column":6}},"15":{"start":{"line":32,"column":8},"end":{"line":32,"column":55}},"16":{"start":{"line":34,"column":4},"end":{"line":34,"column":20}},"17":{"start":{"line":36,"column":0},"end":{"line":36,"column":28}}},"fnMap":{"0":{"name":"(anonymous_0)","decl":{"start":{"line":14,"column":30},"end":{"line":14,"column":31}},"loc":{"start":{"line":14,"column":42},"end":{"line":35,"column":1}},"line":14},"1":{"name":"MinStack","decl":{"start":{"line":15,"column":13},"end":{"line":15,"column":21}},"loc":{"start":{"line":15,"column":24},"end":{"line":18,"column":5}},"line":15},"2":{"name":"(anonymous_2)","decl":{"start":{"line":19,"column":30},"end":{"line":19,"column":31}},"loc":{"start":{"line":19,"column":47},"end":{"line":22,"column":5}},"line":19},"3":{"name":"(anonymous_3)","decl":{"start":{"line":23,"column":29},"end":{"line":23,"column":30}},"loc":{"start":{"line":23,"column":41},"end":{"line":27,"column":5}},"line":23},"4":{"name":"(anonymous_4)","decl":{"start":{"line":28,"column":29},"end":{"line":28,"column":30}},"loc":{"start":{"line":28,"column":41},"end":{"line":30,"column":5}},"line":28},"5":{"name":"(anonymous_5)","decl":{"start":{"line":31,"column":32},"end":{"line":31,"column":33}},"loc":{"start":{"line":31,"column":44},"end":{"line":33,"column":5}},"line":31}},"branchMap":{},"s":{"0":0,"1":0,"2":0,"3":0,"4":0,"5":0,"6":0,"7":0,"8":0,"9":0,"10":0,"11":0,"12":0,"13":0,"14":0,"15":0,"16":0,"17":0},"f":{"0":0,"1":0,"2":0,"3":0,"4":0,"5":0},"b":{},"inputSourceMap":null}
,"/Users/jiangjin/Documents/02_gin/gin-algorithm/src/02_155最小栈(L)/02_155最小栈(L)_7.5.ts": {"path":"/Users/jiangjin/Documents/02_gin/gin-algorithm/src/02_155最小栈(L)/02_155最小栈(L)_7.5.ts","statementMap":{"0":{"start":{"line":5,"column":0},"end":{"line":5,"column":62}},"1":{"start":{"line":6,"column":0},"end":{"line":6,"column":26}},"2":{"start":{"line":14,"column":30},"end":{"line":34,"column":3}},"3":{"start":{"line":16,"column":8},"end":{"line":16,"column":24}},"4":{"start":{"line":17,"column":8},"end":{"line":17,"column":35}},"5":{"start":{"line":19,"column":4},"end":{"line":22,"column":6}},"6":{"start":{"line":20,"column":8},"end":{"line":20,"column":27}},"7":{"start":{"line":21,"column":8},"end":{"line":21,"column":81}},"8":{"start":{"line":23,"column":4},"end":{"line":26,"column":6}},"9":{"start":{"line":24,"column":8},"end":{"line":24,"column":28}},"10":{"start":{"line":25,"column":8},"end":{"line":25,"column":32}},"11":{"start":{"line":27,"column":4},"end":{"line":29,"column":6}},"12":{"start":{"line":28,"column":8},"end":{"line":28,"column":49}},"13":{"start":{"line":30,"column":4},"end":{"line":32,"column":6}},"14":{"start":{"line":31,"column":8},"end":{"line":31,"column":55}},"15":{"start":{"line":33,"column":4},"end":{"line":33,"column":20}},"16":{"start":{"line":35,"column":0},"end":{"line":35,"column":28}}},"fnMap":{"0":{"name":"(anonymous_0)","decl":{"start":{"line":14,"column":30},"end":{"line":14,"column":31}},"loc":{"start":{"line":14,"column":42},"end":{"line":34,"column":1}},"line":14},"1":{"name":"MinStack","decl":{"start":{"line":15,"column":13},"end":{"line":15,"column":21}},"loc":{"start":{"line":15,"column":24},"end":{"line":18,"column":5}},"line":15},"2":{"name":"(anonymous_2)","decl":{"start":{"line":19,"column":30},"end":{"line":19,"column":31}},"loc":{"start":{"line":19,"column":43},"end":{"line":22,"column":5}},"line":19},"3":{"name":"(anonymous_3)","decl":{"start":{"line":23,"column":29},"end":{"line":23,"column":30}},"loc":{"start":{"line":23,"column":41},"end":{"line":26,"column":5}},"line":23},"4":{"name":"(anonymous_4)","decl":{"start":{"line":27,"column":29},"end":{"line":27,"column":30}},"loc":{"start":{"line":27,"column":41},"end":{"line":29,"column":5}},"line":27},"5":{"name":"(anonymous_5)","decl":{"start":{"line":30,"column":32},"end":{"line":30,"column":33}},"loc":{"start":{"line":30,"column":44},"end":{"line":32,"column":5}},"line":30}},"branchMap":{},"s":{"0":0,"1":0,"2":0,"3":0,"4":0,"5":0,"6":0,"7":0,"8":0,"9":0,"10":0,"11":0,"12":0,"13":0,"14":0,"15":0,"16":0},"f":{"0":0,"1":0,"2":0,"3":0,"4":0,"5":0},"b":{},"inputSourceMap":null}
,"/Users/jiangjin/Documents/02_gin/gin-algorithm/src/02_155最小栈(L)/02_155最小栈(L)_7.9.ts": {"path":"/Users/jiangjin/Documents/02_gin/gin-algorithm/src/02_155最小栈(L)/02_155最小栈(L)_7.9.ts","statementMap":{"0":{"start":{"line":5,"column":0},"end":{"line":5,"column":62}},"1":{"start":{"line":6,"column":0},"end":{"line":6,"column":26}},"2":{"start":{"line":14,"column":30},"end":{"line":35,"column":3}},"3":{"start":{"line":16,"column":8},"end":{"line":16,"column":24}},"4":{"start":{"line":17,"column":8},"end":{"line":17,"column":35}},"5":{"start":{"line":19,"column":4},"end":{"line":22,"column":6}},"6":{"start":{"line":20,"column":8},"end":{"line":20,"column":31}},"7":{"start":{"line":21,"column":8},"end":{"line":21,"column":85}},"8":{"start":{"line":23,"column":4},"end":{"line":26,"column":6}},"9":{"start":{"line":24,"column":8},"end":{"line":24,"column":28}},"10":{"start":{"line":25,"column":8},"end":{"line":25,"column":32}},"11":{"start":{"line":27,"column":4},"end":{"line":29,"column":6}},"12":{"start":{"line":28,"column":8},"end":{"line":28,"column":49}},"13":{"start":{"line":30,"column":4},"end":{"line":33,"column":6}},"14":{"start":{"line":31,"column":18},"end":{"line":31,"column":57}},"15":{"start":{"line":32,"column":8},"end":{"line":32,"column":49}},"16":{"start":{"line":34,"column":4},"end":{"line":34,"column":20}},"17":{"start":{"line":36,"column":0},"end":{"line":36,"column":28}}},"fnMap":{"0":{"name":"(anonymous_0)","decl":{"start":{"line":14,"column":30},"end":{"line":14,"column":31}},"loc":{"start":{"line":14,"column":42},"end":{"line":35,"column":1}},"line":14},"1":{"name":"MinStack","decl":{"start":{"line":15,"column":13},"end":{"line":15,"column":21}},"loc":{"start":{"line":15,"column":24},"end":{"line":18,"column":5}},"line":15},"2":{"name":"(anonymous_2)","decl":{"start":{"line":19,"column":30},"end":{"line":19,"column":31}},"loc":{"start":{"line":19,"column":47},"end":{"line":22,"column":5}},"line":19},"3":{"name":"(anonymous_3)","decl":{"start":{"line":23,"column":29},"end":{"line":23,"column":30}},"loc":{"start":{"line":23,"column":41},"end":{"line":26,"column":5}},"line":23},"4":{"name":"(anonymous_4)","decl":{"start":{"line":27,"column":29},"end":{"line":27,"column":30}},"loc":{"start":{"line":27,"column":41},"end":{"line":29,"column":5}},"line":27},"5":{"name":"(anonymous_5)","decl":{"start":{"line":30,"column":32},"end":{"line":30,"column":33}},"loc":{"start":{"line":30,"column":44},"end":{"line":33,"column":5}},"line":30}},"branchMap":{"0":{"loc":{"start":{"line":32,"column":15},"end":{"line":32,"column":48}},"type":"cond-expr","locations":[{"start":{"line":32,"column":33},"end":{"line":32,"column":42}},{"start":{"line":32,"column":45},"end":{"line":32,"column":48}}],"line":32}},"s":{"0":4,"1":4,"2":4,"3":3,"4":3,"5":4,"6":3,"7":3,"8":4,"9":1,"10":1,"11":4,"12":1,"13":4,"14":3,"15":3,"16":4,"17":4},"f":{"0":4,"1":3,"2":3,"3":1,"4":1,"5":3},"b":{"0":[1,2]},"inputSourceMap":null,"_coverageSchema":"1a1c01bbd47fc00a2c39e90264f33305004495a9","hash":"908bb1931a58110d925502aedb4e0cebd92e69f5"}
,"/Users/jiangjin/Documents/02_gin/gin-algorithm/src/02_155最小栈(L)/index.ts": {"path":"/Users/jiangjin/Documents/02_gin/gin-algorithm/src/02_155最小栈(L)/index.ts","statementMap":{"0":{"start":{"line":3,"column":0},"end":{"line":3,"column":34}}},"fnMap":{},"branchMap":{},"s":{"0":4},"f":{},"b":{}}
,"/Users/jiangjin/Documents/02_gin/gin-algorithm/src/03_022.102二叉树的层序遍历(L)/03_022.102二叉树的层序遍历(L)_7.5.ts": {"path":"/Users/jiangjin/Documents/02_gin/gin-algorithm/src/03_022.102二叉树的层序遍历(L)/03_022.102二叉树的层序遍历(L)_7.5.ts","statementMap":{"0":{"start":{"line":5,"column":0},"end":{"line":5,"column":62}},"1":{"start":{"line":6,"column":0},"end":{"line":6,"column":28}},"2":{"start":{"line":9,"column":16},"end":{"line":9,"column":18}},"3":{"start":{"line":10,"column":17},"end":{"line":10,"column":19}},"4":{"start":{"line":11,"column":4},"end":{"line":11,"column":24}},"5":{"start":{"line":12,"column":4},"end":{"line":26,"column":5}},"6":{"start":{"line":13,"column":18},"end":{"line":13,"column":30}},"7":{"start":{"line":14,"column":20},"end":{"line":14,"column":22}},"8":{"start":{"line":15,"column":8},"end":{"line":24,"column":9}},"9":{"start":{"line":15,"column":21},"end":{"line":15,"column":22}},"10":{"start":{"line":16,"column":24},"end":{"line":16,"column":35}},"11":{"start":{"line":17,"column":12},"end":{"line":17,"column":125}},"12":{"start":{"line":18,"column":12},"end":{"line":20,"column":13}},"13":{"start":{"line":19,"column":16},"end":{"line":19,"column":42}},"14":{"start":{"line":21,"column":12},"end":{"line":23,"column":13}},"15":{"start":{"line":22,"column":16},"end":{"line":22,"column":43}},"16":{"start":{"line":25,"column":8},"end":{"line":25,"column":27}},"17":{"start":{"line":27,"column":4},"end":{"line":27,"column":18}},"18":{"start":{"line":29,"column":0},"end":{"line":29,"column":32}}},"fnMap":{"0":{"name":"levelOrder","decl":{"start":{"line":7,"column":9},"end":{"line":7,"column":19}},"loc":{"start":{"line":7,"column":26},"end":{"line":28,"column":1}},"line":7}},"branchMap":{"0":{"loc":{"start":{"line":17,"column":23},"end":{"line":17,"column":123}},"type":"cond-expr","locations":[{"start":{"line":17,"column":114},"end":{"line":17,"column":116}},{"start":{"line":17,"column":119},"end":{"line":17,"column":123}}],"line":17},"1":{"loc":{"start":{"line":17,"column":23},"end":{"line":17,"column":111}},"type":"binary-expr","locations":[{"start":{"line":17,"column":23},"end":{"line":17,"column":94}},{"start":{"line":17,"column":98},"end":{"line":17,"column":111}}],"line":17},"2":{"loc":{"start":{"line":17,"column":29},"end":{"line":17,"column":84}},"type":"cond-expr","locations":[{"start":{"line":17,"column":66},"end":{"line":17,"column":72}},{"start":{"line":17,"column":75},"end":{"line":17,"column":84}}],"line":17},"3":{"loc":{"start":{"line":17,"column":29},"end":{"line":17,"column":63}},"type":"binary-expr","locations":[{"start":{"line":17,"column":29},"end":{"line":17,"column":43}},{"start":{"line":17,"column":47},"end":{"line":17,"column":63}}],"line":17},"4":{"loc":{"start":{"line":18,"column":12},"end":{"line":20,"column":13}},"type":"if","locations":[{"start":{"line":18,"column":12},"end":{"line":20,"column":13}},{"start":{},"end":{}}],"line":18},"5":{"loc":{"start":{"line":18,"column":16},"end":{"line":18,"column":72}},"type":"cond-expr","locations":[{"start":{"line":18,"column":53},"end":{"line":18,"column":59}},{"start":{"line":18,"column":62},"end":{"line":18,"column":72}}],"line":18},"6":{"loc":{"start":{"line":18,"column":16},"end":{"line":18,"column":50}},"type":"binary-expr","locations":[{"start":{"line":18,"column":16},"end":{"line":18,"column":30}},{"start":{"line":18,"column":34},"end":{"line":18,"column":50}}],"line":18},"7":{"loc":{"start":{"line":21,"column":12},"end":{"line":23,"column":13}},"type":"if","locations":[{"start":{"line":21,"column":12},"end":{"line":23,"column":13}},{"start":{},"end":{}}],"line":21},"8":{"loc":{"start":{"line":21,"column":16},"end":{"line":21,"column":73}},"type":"cond-expr","locations":[{"start":{"line":21,"column":53},"end":{"line":21,"column":59}},{"start":{"line":21,"column":62},"end":{"line":21,"column":73}}],"line":21},"9":{"loc":{"start":{"line":21,"column":16},"end":{"line":21,"column":50}},"type":"binary-expr","locations":[{"start":{"line":21,"column":16},"end":{"line":21,"column":30}},{"start":{"line":21,"column":34},"end":{"line":21,"column":50}}],"line":21}},"s":{"0":0,"1":0,"2":0,"3":0,"4":0,"5":0,"6":0,"7":0,"8":0,"9":0,"10":0,"11":0,"12":0,"13":0,"14":0,"15":0,"16":0,"17":0,"18":0},"f":{"0":0},"b":{"0":[0,0],"1":[0,0],"2":[0,0],"3":[0,0],"4":[0,0],"5":[0,0],"6":[0,0],"7":[0,0],"8":[0,0],"9":[0,0]},"inputSourceMap":null}
,"/Users/jiangjin/Documents/02_gin/gin-algorithm/src/03_022.102二叉树的层序遍历(L)/03_022.102二叉树的层序遍历(L)_7.6.ts": {"path":"/Users/jiangjin/Documents/02_gin/gin-algorithm/src/03_022.102二叉树的层序遍历(L)/03_022.102二叉树的层序遍历(L)_7.6.ts","statementMap":{"0":{"start":{"line":5,"column":0},"end":{"line":5,"column":62}},"1":{"start":{"line":6,"column":0},"end":{"line":6,"column":28}},"2":{"start":{"line":8,"column":16},"end":{"line":8,"column":18}},"3":{"start":{"line":9,"column":17},"end":{"line":9,"column":19}},"4":{"start":{"line":10,"column":4},"end":{"line":10,"column":24}},"5":{"start":{"line":11,"column":4},"end":{"line":27,"column":5}},"6":{"start":{"line":12,"column":18},"end":{"line":12,"column":30}},"7":{"start":{"line":13,"column":20},"end":{"line":13,"column":22}},"8":{"start":{"line":14,"column":8},"end":{"line":25,"column":9}},"9":{"start":{"line":14,"column":21},"end":{"line":14,"column":22}},"10":{"start":{"line":15,"column":21},"end":{"line":15,"column":32}},"11":{"start":{"line":16,"column":12},"end":{"line":18,"column":13}},"12":{"start":{"line":17,"column":16},"end":{"line":17,"column":35}},"13":{"start":{"line":19,"column":12},"end":{"line":21,"column":13}},"14":{"start":{"line":20,"column":16},"end":{"line":20,"column":39}},"15":{"start":{"line":22,"column":12},"end":{"line":24,"column":13}},"16":{"start":{"line":23,"column":16},"end":{"line":23,"column":40}},"17":{"start":{"line":26,"column":8},"end":{"line":26,"column":27}},"18":{"start":{"line":28,"column":4},"end":{"line":28,"column":18}},"19":{"start":{"line":30,"column":0},"end":{"line":30,"column":32}}},"fnMap":{"0":{"name":"levelOrder","decl":{"start":{"line":7,"column":9},"end":{"line":7,"column":19}},"loc":{"start":{"line":7,"column":26},"end":{"line":29,"column":1}},"line":7}},"branchMap":{"0":{"loc":{"start":{"line":16,"column":12},"end":{"line":18,"column":13}},"type":"if","locations":[{"start":{"line":16,"column":12},"end":{"line":18,"column":13}},{"start":{},"end":{}}],"line":16},"1":{"loc":{"start":{"line":16,"column":16},"end":{"line":16,"column":62}},"type":"cond-expr","locations":[{"start":{"line":16,"column":47},"end":{"line":16,"column":53}},{"start":{"line":16,"column":56},"end":{"line":16,"column":62}}],"line":16},"2":{"loc":{"start":{"line":16,"column":16},"end":{"line":16,"column":44}},"type":"binary-expr","locations":[{"start":{"line":16,"column":16},"end":{"line":16,"column":27}},{"start":{"line":16,"column":31},"end":{"line":16,"column":44}}],"line":16},"3":{"loc":{"start":{"line":19,"column":12},"end":{"line":21,"column":13}},"type":"if","locations":[{"start":{"line":19,"column":12},"end":{"line":21,"column":13}},{"start":{},"end":{}}],"line":19},"4":{"loc":{"start":{"line":19,"column":16},"end":{"line":19,"column":63}},"type":"cond-expr","locations":[{"start":{"line":19,"column":47},"end":{"line":19,"column":53}},{"start":{"line":19,"column":56},"end":{"line":19,"column":63}}],"line":19},"5":{"loc":{"start":{"line":19,"column":16},"end":{"line":19,"column":44}},"type":"binary-expr","locations":[{"start":{"line":19,"column":16},"end":{"line":19,"column":27}},{"start":{"line":19,"column":31},"end":{"line":19,"column":44}}],"line":19},"6":{"loc":{"start":{"line":22,"column":12},"end":{"line":24,"column":13}},"type":"if","locations":[{"start":{"line":22,"column":12},"end":{"line":24,"column":13}},{"start":{},"end":{}}],"line":22},"7":{"loc":{"start":{"line":22,"column":16},"end":{"line":22,"column":64}},"type":"cond-expr","locations":[{"start":{"line":22,"column":47},"end":{"line":22,"column":53}},{"start":{"line":22,"column":56},"end":{"line":22,"column":64}}],"line":22},"8":{"loc":{"start":{"line":22,"column":16},"end":{"line":22,"column":44}},"type":"binary-expr","locations":[{"start":{"line":22,"column":16},"end":{"line":22,"column":27}},{"start":{"line":22,"column":31},"end":{"line":22,"column":44}}],"line":22}},"s":{"0":0,"1":0,"2":0,"3":0,"4":0,"5":0,"6":0,"7":0,"8":0,"9":0,"10":0,"11":0,"12":0,"13":0,"14":0,"15":0,"16":0,"17":0,"18":0,"19":0},"f":{"0":0},"b":{"0":[0,0],"1":[0,0],"2":[0,0],"3":[0,0],"4":[0,0],"5":[0,0],"6":[0,0],"7":[0,0],"8":[0,0]},"inputSourceMap":null}
,"/Users/jiangjin/Documents/02_gin/gin-algorithm/src/03_022.102二叉树的层序遍历(L)/03_022.102二叉树的层序遍历(L)_7.9.ts": {"path":"/Users/jiangjin/Documents/02_gin/gin-algorithm/src/03_022.102二叉树的层序遍历(L)/03_022.102二叉树的层序遍历(L)_7.9.ts","statementMap":{"0":{"start":{"line":5,"column":0},"end":{"line":5,"column":62}},"1":{"start":{"line":6,"column":0},"end":{"line":6,"column":28}},"2":{"start":{"line":8,"column":4},"end":{"line":10,"column":5}},"3":{"start":{"line":9,"column":8},"end":{"line":9,"column":18}},"4":{"start":{"line":11,"column":16},"end":{"line":11,"column":18}},"5":{"start":{"line":12,"column":17},"end":{"line":12,"column":19}},"6":{"start":{"line":13,"column":4},"end":{"line":13,"column":24}},"7":{"start":{"line":14,"column":4},"end":{"line":26,"column":5}},"8":{"start":{"line":15,"column":20},"end":{"line":15,"column":22}},"9":{"start":{"line":16,"column":18},"end":{"line":16,"column":30}},"10":{"start":{"line":17,"column":8},"end":{"line":24,"column":9}},"11":{"start":{"line":17,"column":21},"end":{"line":17,"column":22}},"12":{"start":{"line":18,"column":21},"end":{"line":18,"column":32}},"13":{"start":{"line":19,"column":12},"end":{"line":23,"column":13}},"14":{"start":{"line":20,"column":16},"end":{"line":20,"column":45}},"15":{"start":{"line":21,"column":16},"end":{"line":21,"column":50}},"16":{"start":{"line":22,"column":16},"end":{"line":22,"column":52}},"17":{"start":{"line":25,"column":8},"end":{"line":25,"column":27}},"18":{"start":{"line":27,"column":4},"end":{"line":27,"column":18}},"19":{"start":{"line":29,"column":0},"end":{"line":29,"column":32}}},"fnMap":{"0":{"name":"levelOrder","decl":{"start":{"line":7,"column":9},"end":{"line":7,"column":19}},"loc":{"start":{"line":7,"column":26},"end":{"line":28,"column":1}},"line":7}},"branchMap":{"0":{"loc":{"start":{"line":8,"column":4},"end":{"line":10,"column":5}},"type":"if","locations":[{"start":{"line":8,"column":4},"end":{"line":10,"column":5}},{"start":{},"end":{}}],"line":8},"1":{"loc":{"start":{"line":19,"column":12},"end":{"line":23,"column":13}},"type":"if","locations":[{"start":{"line":19,"column":12},"end":{"line":23,"column":13}},{"start":{},"end":{}}],"line":19},"2":{"loc":{"start":{"line":20,"column":16},"end":{"line":20,"column":44}},"type":"binary-expr","locations":[{"start":{"line":20,"column":16},"end":{"line":20,"column":22}},{"start":{"line":20,"column":26},"end":{"line":20,"column":44}}],"line":20},"3":{"loc":{"start":{"line":21,"column":16},"end":{"line":21,"column":49}},"type":"binary-expr","locations":[{"start":{"line":21,"column":16},"end":{"line":21,"column":23}},{"start":{"line":21,"column":27},"end":{"line":21,"column":49}}],"line":21},"4":{"loc":{"start":{"line":22,"column":16},"end":{"line":22,"column":51}},"type":"binary-expr","locations":[{"start":{"line":22,"column":16},"end":{"line":22,"column":24}},{"start":{"line":22,"column":28},"end":{"line":22,"column":51}}],"line":22}},"s":{"0":4,"1":4,"2":1,"3":0,"4":1,"5":1,"6":1,"7":1,"8":3,"9":3,"10":3,"11":3,"12":5,"13":5,"14":5,"15":5,"16":5,"17":3,"18":1,"19":4},"f":{"0":1},"b":{"0":[0,1],"1":[5,0],"2":[5,5],"3":[5,2],"4":[5,2]},"inputSourceMap":null,"_coverageSchema":"1a1c01bbd47fc00a2c39e90264f33305004495a9","hash":"a7167d656856094ecbb08a778b250acc25b911d7"}
,"/Users/jiangjin/Documents/02_gin/gin-algorithm/src/03_022.102二叉树的层序遍历(L)/index.ts": {"path":"/Users/jiangjin/Documents/02_gin/gin-algorithm/src/03_022.102二叉树的层序遍历(L)/index.ts","statementMap":{"0":{"start":{"line":3,"column":0},"end":{"line":3,"column":43}}},"fnMap":{},"branchMap":{},"s":{"0":4},"f":{},"b":{}}
,"/Users/jiangjin/Documents/02_gin/gin-algorithm/src/04_912.排序数组(M)/arraySort_7.7.ts": {"path":"/Users/jiangjin/Documents/02_gin/gin-algorithm/src/04_912.排序数组(M)/arraySort_7.7.ts","statementMap":{"0":{"start":{"line":7,"column":0},"end":{"line":7,"column":31}},"1":{"start":{"line":10,"column":14},"end":{"line":10,"column":25}},"2":{"start":{"line":11,"column":2},"end":{"line":11,"column":null}},"3":{"start":{"line":14,"column":4},"end":{"line":16,"column":null}},"4":{"start":{"line":15,"column":6},"end":{"line":15,"column":12}},"5":{"start":{"line":18,"column":15},"end":{"line":18,"column":16}},"6":{"start":{"line":19,"column":14},"end":{"line":19,"column":15}},"7":{"start":{"line":20,"column":18},"end":{"line":20,"column":28}},"8":{"start":{"line":22,"column":4},"end":{"line":42,"column":null}},"9":{"start":{"line":23,"column":6},"end":{"line":25,"column":null}},"10":{"start":{"line":24,"column":8},"end":{"line":24,"column":null}},"11":{"start":{"line":27,"column":6},"end":{"line":29,"column":null}},"12":{"start":{"line":28,"column":8},"end":{"line":28,"column":null}},"13":{"start":{"line":31,"column":6},"end":{"line":33,"column":null}},"14":{"start":{"line":32,"column":8},"end":{"line":32,"column":null}},"15":{"start":{"line":35,"column":6},"end":{"line":37,"column":null}},"16":{"start":{"line":36,"column":8},"end":{"line":36,"column":null}},"17":{"start":{"line":39,"column":6},"end":{"line":41,"column":null}},"18":{"start":{"line":40,"column":8},"end":{"line":40,"column":null}},"19":{"start":{"line":44,"column":4},"end":{"line":44,"column":null}},"20":{"start":{"line":45,"column":4},"end":{"line":45,"column":null}},"21":{"start":{"line":48,"column":2},"end":{"line":48,"column":null}},"22":{"start":{"line":9,"column":0},"end":{"line":9,"column":16}},"23":{"start":{"line":52,"column":14},"end":{"line":52,"column":25}},"24":{"start":{"line":54,"column":2},"end":{"line":60,"column":null}},"25":{"start":{"line":54,"column":15},"end":{"line":54,"column":16}},"26":{"start":{"line":55,"column":4},"end":{"line":59,"column":null}},"27":{"start":{"line":55,"column":17},"end":{"line":55,"column":18}},"28":{"start":{"line":56,"column":6},"end":{"line":58,"column":null}},"29":{"start":{"line":57,"column":8},"end":{"line":57,"column":null}},"30":{"start":{"line":62,"column":2},"end":{"line":62,"column":null}},"31":{"start":{"line":51,"column":0},"end":{"line":51,"column":16}},"32":{"start":{"line":66,"column":14},"end":{"line":66,"column":25}},"33":{"start":{"line":68,"column":2},"end":{"line":78,"column":null}},"34":{"start":{"line":68,"column":15},"end":{"line":68,"column":16}},"35":{"start":{"line":69,"column":12},"end":{"line":69,"column":13}},"36":{"start":{"line":70,"column":15},"end":{"line":70,"column":22}},"37":{"start":{"line":72,"column":4},"end":{"line":75,"column":null}},"38":{"start":{"line":73,"column":6},"end":{"line":73,"column":null}},"39":{"start":{"line":74,"column":6},"end":{"line":74,"column":null}},"40":{"start":{"line":77,"column":4},"end":{"line":77,"column":null}},"41":{"start":{"line":80,"column":2},"end":{"line":80,"column":null}},"42":{"start":{"line":65,"column":0},"end":{"line":65,"column":16}}},"fnMap":{"0":{"name":"quickSort","decl":{"start":{"line":9,"column":16},"end":{"line":9,"column":25}},"loc":{"start":{"line":9,"column":40},"end":{"line":49,"column":1}}},"1":{"name":"recQuickSort","decl":{"start":{"line":13,"column":11},"end":{"line":13,"column":23}},"loc":{"start":{"line":13,"column":60},"end":{"line":46,"column":3}}},"2":{"name":"bubbleSort","decl":{"start":{"line":51,"column":16},"end":{"line":51,"column":26}},"loc":{"start":{"line":51,"column":41},"end":{"line":63,"column":1}}},"3":{"name":"insertSort","decl":{"start":{"line":65,"column":16},"end":{"line":65,"column":26}},"loc":{"start":{"line":65,"column":41},"end":{"line":81,"column":1}}}},"branchMap":{"0":{"loc":{"start":{"line":14,"column":4},"end":{"line":16,"column":null}},"type":"if","locations":[{"start":{"line":14,"column":4},"end":{"line":16,"column":null}}]},"1":{"loc":{"start":{"line":23,"column":13},"end":{"line":23,"column":49}},"type":"binary-expr","locations":[{"start":{"line":23,"column":13},"end":{"line":23,"column":25}},{"start":{"line":23,"column":29},"end":{"line":23,"column":49}}]},"2":{"loc":{"start":{"line":27,"column":6},"end":{"line":29,"column":null}},"type":"if","locations":[{"start":{"line":27,"column":6},"end":{"line":29,"column":null}}]},"3":{"loc":{"start":{"line":31,"column":13},"end":{"line":31,"column":48}},"type":"binary-expr","locations":[{"start":{"line":31,"column":13},"end":{"line":31,"column":25}},{"start":{"line":31,"column":29},"end":{"line":31,"column":48}}]},"4":{"loc":{"start":{"line":35,"column":6},"end":{"line":37,"column":null}},"type":"if","locations":[{"start":{"line":35,"column":6},"end":{"line":37,"column":null}}]},"5":{"loc":{"start":{"line":39,"column":6},"end":{"line":41,"column":null}},"type":"if","locations":[{"start":{"line":39,"column":6},"end":{"line":41,"column":null}}]},"6":{"loc":{"start":{"line":56,"column":6},"end":{"line":58,"column":null}},"type":"if","locations":[{"start":{"line":56,"column":6},"end":{"line":58,"column":null}}]},"7":{"loc":{"start":{"line":72,"column":11},"end":{"line":72,"column":38}},"type":"binary-expr","locations":[{"start":{"line":72,"column":11},"end":{"line":72,"column":16}},{"start":{"line":72,"column":20},"end":{"line":72,"column":38}}]}},"s":{"0":0,"1":0,"2":0,"3":0,"4":0,"5":0,"6":0,"7":0,"8":0,"9":0,"10":0,"11":0,"12":0,"13":0,"14":0,"15":0,"16":0,"17":0,"18":0,"19":0,"20":0,"21":0,"22":0,"23":0,"24":0,"25":0,"26":0,"27":0,"28":0,"29":0,"30":0,"31":0,"32":0,"33":0,"34":0,"35":0,"36":0,"37":0,"38":0,"39":0,"40":0,"41":0,"42":0},"f":{"0":0,"1":0,"2":0,"3":0},"b":{"0":[0],"1":[0,0],"2":[0],"3":[0,0],"4":[0],"5":[0],"6":[0],"7":[0,0]}}
,"/Users/jiangjin/Documents/02_gin/gin-algorithm/src/04_912.排序数组(M)/arraySort_7.8.ts": {"path":"/Users/jiangjin/Documents/02_gin/gin-algorithm/src/04_912.排序数组(M)/arraySort_7.8.ts","statementMap":{"0":{"start":{"line":7,"column":0},"end":{"line":7,"column":31}},"1":{"start":{"line":10,"column":14},"end":{"line":10,"column":25}},"2":{"start":{"line":11,"column":2},"end":{"line":11,"column":null}},"3":{"start":{"line":14,"column":4},"end":{"line":16,"column":null}},"4":{"start":{"line":15,"column":6},"end":{"line":15,"column":12}},"5":{"start":{"line":18,"column":15},"end":{"line":18,"column":16}},"6":{"start":{"line":19,"column":14},"end":{"line":19,"column":15}},"7":{"start":{"line":20,"column":18},"end":{"line":20,"column":28}},"8":{"start":{"line":22,"column":4},"end":{"line":42,"column":null}},"9":{"start":{"line":23,"column":6},"end":{"line":25,"column":null}},"10":{"start":{"line":24,"column":8},"end":{"line":24,"column":null}},"11":{"start":{"line":27,"column":6},"end":{"line":29,"column":null}},"12":{"start":{"line":28,"column":8},"end":{"line":28,"column":null}},"13":{"start":{"line":31,"column":6},"end":{"line":33,"column":null}},"14":{"start":{"line":32,"column":8},"end":{"line":32,"column":null}},"15":{"start":{"line":35,"column":6},"end":{"line":37,"column":null}},"16":{"start":{"line":36,"column":8},"end":{"line":36,"column":null}},"17":{"start":{"line":39,"column":6},"end":{"line":41,"column":null}},"18":{"start":{"line":40,"column":8},"end":{"line":40,"column":null}},"19":{"start":{"line":44,"column":4},"end":{"line":44,"column":null}},"20":{"start":{"line":45,"column":4},"end":{"line":45,"column":null}},"21":{"start":{"line":48,"column":2},"end":{"line":48,"column":null}},"22":{"start":{"line":9,"column":0},"end":{"line":9,"column":16}},"23":{"start":{"line":52,"column":14},"end":{"line":52,"column":25}},"24":{"start":{"line":53,"column":2},"end":{"line":53,"column":null}},"25":{"start":{"line":56,"column":4},"end":{"line":58,"column":null}},"26":{"start":{"line":57,"column":6},"end":{"line":57,"column":12}},"27":{"start":{"line":60,"column":16},"end":{"line":60,"column":39}},"28":{"start":{"line":61,"column":4},"end":{"line":61,"column":null}},"29":{"start":{"line":62,"column":4},"end":{"line":62,"column":null}},"30":{"start":{"line":63,"column":4},"end":{"line":63,"column":null}},"31":{"start":{"line":67,"column":12},"end":{"line":67,"column":13}},"32":{"start":{"line":68,"column":10},"end":{"line":68,"column":17}},"33":{"start":{"line":69,"column":26},"end":{"line":69,"column":28}},"34":{"start":{"line":70,"column":16},"end":{"line":70,"column":25}},"35":{"start":{"line":72,"column":4},"end":{"line":74,"column":null}},"36":{"start":{"line":73,"column":6},"end":{"line":73,"column":null}},"37":{"start":{"line":75,"column":4},"end":{"line":77,"column":null}},"38":{"start":{"line":76,"column":6},"end":{"line":76,"column":null}},"39":{"start":{"line":78,"column":4},"end":{"line":80,"column":null}},"40":{"start":{"line":79,"column":6},"end":{"line":79,"column":null}},"41":{"start":{"line":82,"column":4},"end":{"line":84,"column":null}},"42":{"start":{"line":82,"column":17},"end":{"line":82,"column":18}},"43":{"start":{"line":83,"column":6},"end":{"line":83,"column":null}},"44":{"start":{"line":87,"column":2},"end":{"line":87,"column":null}},"45":{"start":{"line":51,"column":0},"end":{"line":51,"column":16}},"46":{"start":{"line":91,"column":14},"end":{"line":91,"column":25}},"47":{"start":{"line":93,"column":2},"end":{"line":99,"column":null}},"48":{"start":{"line":93,"column":15},"end":{"line":93,"column":16}},"49":{"start":{"line":94,"column":4},"end":{"line":98,"column":null}},"50":{"start":{"line":94,"column":17},"end":{"line":94,"column":18}},"51":{"start":{"line":95,"column":6},"end":{"line":97,"column":null}},"52":{"start":{"line":96,"column":8},"end":{"line":96,"column":null}},"53":{"start":{"line":101,"column":2},"end":{"line":101,"column":null}},"54":{"start":{"line":90,"column":0},"end":{"line":90,"column":16}},"55":{"start":{"line":105,"column":14},"end":{"line":105,"column":25}},"56":{"start":{"line":107,"column":2},"end":{"line":117,"column":null}},"57":{"start":{"line":107,"column":15},"end":{"line":107,"column":16}},"58":{"start":{"line":108,"column":12},"end":{"line":108,"column":13}},"59":{"start":{"line":109,"column":15},"end":{"line":109,"column":22}},"60":{"start":{"line":111,"column":4},"end":{"line":114,"column":null}},"61":{"start":{"line":112,"column":6},"end":{"line":112,"column":null}},"62":{"start":{"line":113,"column":6},"end":{"line":113,"column":null}},"63":{"start":{"line":116,"column":4},"end":{"line":116,"column":null}},"64":{"start":{"line":119,"column":2},"end":{"line":119,"column":null}},"65":{"start":{"line":104,"column":0},"end":{"line":104,"column":16}}},"fnMap":{"0":{"name":"quickSort","decl":{"start":{"line":9,"column":16},"end":{"line":9,"column":25}},"loc":{"start":{"line":9,"column":40},"end":{"line":49,"column":1}}},"1":{"name":"recQuickSort","decl":{"start":{"line":13,"column":11},"end":{"line":13,"column":23}},"loc":{"start":{"line":13,"column":60},"end":{"line":46,"column":3}}},"2":{"name":"mergeSort","decl":{"start":{"line":51,"column":16},"end":{"line":51,"column":25}},"loc":{"start":{"line":51,"column":40},"end":{"line":88,"column":1}}},"3":{"name":"recMergeSort","decl":{"start":{"line":55,"column":11},"end":{"line":55,"column":23}},"loc":{"start":{"line":55,"column":60},"end":{"line":64,"column":3}}},"4":{"name":"merge","decl":{"start":{"line":66,"column":11},"end":{"line":66,"column":16}},"loc":{"start":{"line":66,"column":66},"end":{"line":85,"column":3}}},"5":{"name":"bubbleSort","decl":{"start":{"line":90,"column":16},"end":{"line":90,"column":26}},"loc":{"start":{"line":90,"column":41},"end":{"line":102,"column":1}}},"6":{"name":"insertSort","decl":{"start":{"line":104,"column":16},"end":{"line":104,"column":26}},"loc":{"start":{"line":104,"column":41},"end":{"line":120,"column":1}}}},"branchMap":{"0":{"loc":{"start":{"line":14,"column":4},"end":{"line":16,"column":null}},"type":"if","locations":[{"start":{"line":14,"column":4},"end":{"line":16,"column":null}}]},"1":{"loc":{"start":{"line":23,"column":13},"end":{"line":23,"column":49}},"type":"binary-expr","locations":[{"start":{"line":23,"column":13},"end":{"line":23,"column":25}},{"start":{"line":23,"column":29},"end":{"line":23,"column":49}}]},"2":{"loc":{"start":{"line":27,"column":6},"end":{"line":29,"column":null}},"type":"if","locations":[{"start":{"line":27,"column":6},"end":{"line":29,"column":null}}]},"3":{"loc":{"start":{"line":31,"column":13},"end":{"line":31,"column":48}},"type":"binary-expr","locations":[{"start":{"line":31,"column":13},"end":{"line":31,"column":25}},{"start":{"line":31,"column":29},"end":{"line":31,"column":48}}]},"4":{"loc":{"start":{"line":35,"column":6},"end":{"line":37,"column":null}},"type":"if","locations":[{"start":{"line":35,"column":6},"end":{"line":37,"column":null}}]},"5":{"loc":{"start":{"line":39,"column":6},"end":{"line":41,"column":null}},"type":"if","locations":[{"start":{"line":39,"column":6},"end":{"line":41,"column":null}}]},"6":{"loc":{"start":{"line":56,"column":4},"end":{"line":58,"column":null}},"type":"if","locations":[{"start":{"line":56,"column":4},"end":{"line":58,"column":null}}]},"7":{"loc":{"start":{"line":72,"column":11},"end":{"line":72,"column":29}},"type":"binary-expr","locations":[{"start":{"line":72,"column":11},"end":{"line":72,"column":19}},{"start":{"line":72,"column":23},"end":{"line":72,"column":29}}]},"8":{"loc":{"start":{"line":73,"column":15},"end":{"line":73,"column":56}},"type":"cond-expr","locations":[{"start":{"line":73,"column":35},"end":{"line":73,"column":44}},{"start":{"line":73,"column":47},"end":{"line":73,"column":56}}]},"9":{"loc":{"start":{"line":95,"column":6},"end":{"line":97,"column":null}},"type":"if","locations":[{"start":{"line":95,"column":6},"end":{"line":97,"column":null}}]},"10":{"loc":{"start":{"line":111,"column":11},"end":{"line":111,"column":38}},"type":"binary-expr","locations":[{"start":{"line":111,"column":11},"end":{"line":111,"column":16}},{"start":{"line":111,"column":20},"end":{"line":111,"column":38}}]}},"s":{"0":0,"1":0,"2":0,"3":0,"4":0,"5":0,"6":0,"7":0,"8":0,"9":0,"10":0,"11":0,"12":0,"13":0,"14":0,"15":0,"16":0,"17":0,"18":0,"19":0,"20":0,"21":0,"22":0,"23":0,"24":0,"25":0,"26":0,"27":0,"28":0,"29":0,"30":0,"31":0,"32":0,"33":0,"34":0,"35":0,"36":0,"37":0,"38":0,"39":0,"40":0,"41":0,"42":0,"43":0,"44":0,"45":0,"46":0,"47":0,"48":0,"49":0,"50":0,"51":0,"52":0,"53":0,"54":0,"55":0,"56":0,"57":0,"58":0,"59":0,"60":0,"61":0,"62":0,"63":0,"64":0,"65":0},"f":{"0":0,"1":0,"2":0,"3":0,"4":0,"5":0,"6":0},"b":{"0":[0],"1":[0,0],"2":[0],"3":[0,0],"4":[0],"5":[0],"6":[0],"7":[0,0],"8":[0,0],"9":[0],"10":[0,0]}}
,"/Users/jiangjin/Documents/02_gin/gin-algorithm/src/04_912.排序数组(M)/arraySort_7.9.ts": {"path":"/Users/jiangjin/Documents/02_gin/gin-algorithm/src/04_912.排序数组(M)/arraySort_7.9.ts","statementMap":{"0":{"start":{"line":7,"column":0},"end":{"line":7,"column":31}},"1":{"start":{"line":10,"column":14},"end":{"line":10,"column":25}},"2":{"start":{"line":11,"column":2},"end":{"line":11,"column":null}},"3":{"start":{"line":14,"column":4},"end":{"line":16,"column":null}},"4":{"start":{"line":15,"column":6},"end":{"line":15,"column":12}},"5":{"start":{"line":18,"column":15},"end":{"line":18,"column":16}},"6":{"start":{"line":19,"column":14},"end":{"line":19,"column":15}},"7":{"start":{"line":20,"column":18},"end":{"line":20,"column":28}},"8":{"start":{"line":22,"column":4},"end":{"line":41,"column":null}},"9":{"start":{"line":23,"column":6},"end":{"line":25,"column":null}},"10":{"start":{"line":24,"column":8},"end":{"line":24,"column":null}},"11":{"start":{"line":27,"column":6},"end":{"line":29,"column":null}},"12":{"start":{"line":28,"column":8},"end":{"line":28,"column":null}},"13":{"start":{"line":31,"column":6},"end":{"line":33,"column":null}},"14":{"start":{"line":32,"column":8},"end":{"line":32,"column":null}},"15":{"start":{"line":34,"column":6},"end":{"line":36,"column":null}},"16":{"start":{"line":35,"column":8},"end":{"line":35,"column":null}},"17":{"start":{"line":38,"column":6},"end":{"line":40,"column":null}},"18":{"start":{"line":39,"column":8},"end":{"line":39,"column":null}},"19":{"start":{"line":43,"column":4},"end":{"line":43,"column":null}},"20":{"start":{"line":44,"column":4},"end":{"line":44,"column":null}},"21":{"start":{"line":47,"column":2},"end":{"line":47,"column":null}},"22":{"start":{"line":9,"column":0},"end":{"line":9,"column":16}},"23":{"start":{"line":51,"column":14},"end":{"line":51,"column":25}},"24":{"start":{"line":52,"column":2},"end":{"line":52,"column":null}},"25":{"start":{"line":55,"column":4},"end":{"line":57,"column":null}},"26":{"start":{"line":56,"column":6},"end":{"line":56,"column":12}},"27":{"start":{"line":59,"column":16},"end":{"line":59,"column":46}},"28":{"start":{"line":61,"column":4},"end":{"line":61,"column":null}},"29":{"start":{"line":62,"column":4},"end":{"line":62,"column":null}},"30":{"start":{"line":63,"column":4},"end":{"line":63,"column":null}},"31":{"start":{"line":67,"column":12},"end":{"line":67,"column":13}},"32":{"start":{"line":68,"column":10},"end":{"line":68,"column":15}},"33":{"start":{"line":69,"column":16},"end":{"line":69,"column":18}},"34":{"start":{"line":70,"column":16},"end":{"line":70,"column":25}},"35":{"start":{"line":72,"column":4},"end":{"line":74,"column":null}},"36":{"start":{"line":73,"column":6},"end":{"line":73,"column":null}},"37":{"start":{"line":76,"column":4},"end":{"line":78,"column":null}},"38":{"start":{"line":77,"column":6},"end":{"line":77,"column":null}},"39":{"start":{"line":79,"column":4},"end":{"line":81,"column":null}},"40":{"start":{"line":80,"column":6},"end":{"line":80,"column":null}},"41":{"start":{"line":83,"column":4},"end":{"line":85,"column":null}},"42":{"start":{"line":83,"column":17},"end":{"line":83,"column":18}},"43":{"start":{"line":84,"column":6},"end":{"line":84,"column":null}},"44":{"start":{"line":88,"column":2},"end":{"line":88,"column":null}},"45":{"start":{"line":50,"column":0},"end":{"line":50,"column":16}},"46":{"start":{"line":92,"column":14},"end":{"line":92,"column":25}},"47":{"start":{"line":94,"column":2},"end":{"line":100,"column":null}},"48":{"start":{"line":94,"column":15},"end":{"line":94,"column":16}},"49":{"start":{"line":95,"column":4},"end":{"line":99,"column":null}},"50":{"start":{"line":95,"column":17},"end":{"line":95,"column":18}},"51":{"start":{"line":96,"column":6},"end":{"line":98,"column":null}},"52":{"start":{"line":97,"column":8},"end":{"line":97,"column":null}},"53":{"start":{"line":102,"column":2},"end":{"line":102,"column":null}},"54":{"start":{"line":91,"column":0},"end":{"line":91,"column":16}},"55":{"start":{"line":106,"column":14},"end":{"line":106,"column":25}},"56":{"start":{"line":107,"column":2},"end":{"line":117,"column":null}},"57":{"start":{"line":107,"column":15},"end":{"line":107,"column":16}},"58":{"start":{"line":108,"column":12},"end":{"line":108,"column":13}},"59":{"start":{"line":109,"column":14},"end":{"line":109,"column":21}},"60":{"start":{"line":111,"column":4},"end":{"line":114,"column":null}},"61":{"start":{"line":112,"column":6},"end":{"line":112,"column":null}},"62":{"start":{"line":113,"column":6},"end":{"line":113,"column":null}},"63":{"start":{"line":116,"column":4},"end":{"line":116,"column":null}},"64":{"start":{"line":119,"column":2},"end":{"line":119,"column":null}},"65":{"start":{"line":105,"column":0},"end":{"line":105,"column":16}}},"fnMap":{"0":{"name":"quickSort","decl":{"start":{"line":9,"column":16},"end":{"line":9,"column":25}},"loc":{"start":{"line":9,"column":40},"end":{"line":48,"column":1}}},"1":{"name":"recQuickSort","decl":{"start":{"line":13,"column":11},"end":{"line":13,"column":23}},"loc":{"start":{"line":13,"column":60},"end":{"line":45,"column":3}}},"2":{"name":"mergeSort","decl":{"start":{"line":50,"column":16},"end":{"line":50,"column":25}},"loc":{"start":{"line":50,"column":40},"end":{"line":89,"column":1}}},"3":{"name":"recMergeSort","decl":{"start":{"line":54,"column":11},"end":{"line":54,"column":23}},"loc":{"start":{"line":54,"column":67},"end":{"line":64,"column":3}}},"4":{"name":"merge","decl":{"start":{"line":66,"column":11},"end":{"line":66,"column":16}},"loc":{"start":{"line":66,"column":64},"end":{"line":86,"column":3}}},"5":{"name":"bubbleSort","decl":{"start":{"line":91,"column":16},"end":{"line":91,"column":26}},"loc":{"start":{"line":91,"column":41},"end":{"line":103,"column":1}}},"6":{"name":"insertSort","decl":{"start":{"line":105,"column":16},"end":{"line":105,"column":26}},"loc":{"start":{"line":105,"column":41},"end":{"line":120,"column":1}}}},"branchMap":{"0":{"loc":{"start":{"line":14,"column":4},"end":{"line":16,"column":null}},"type":"if","locations":[{"start":{"line":14,"column":4},"end":{"line":16,"column":null}}]},"1":{"loc":{"start":{"line":23,"column":13},"end":{"line":23,"column":49}},"type":"binary-expr","locations":[{"start":{"line":23,"column":13},"end":{"line":23,"column":25}},{"start":{"line":23,"column":29},"end":{"line":23,"column":49}}]},"2":{"loc":{"start":{"line":27,"column":6},"end":{"line":29,"column":null}},"type":"if","locations":[{"start":{"line":27,"column":6},"end":{"line":29,"column":null}}]},"3":{"loc":{"start":{"line":31,"column":13},"end":{"line":31,"column":48}},"type":"binary-expr","locations":[{"start":{"line":31,"column":13},"end":{"line":31,"column":25}},{"start":{"line":31,"column":29},"end":{"line":31,"column":48}}]},"4":{"loc":{"start":{"line":34,"column":6},"end":{"line":36,"column":null}},"type":"if","locations":[{"start":{"line":34,"column":6},"end":{"line":36,"column":null}}]},"5":{"loc":{"start":{"line":38,"column":6},"end":{"line":40,"column":null}},"type":"if","locations":[{"start":{"line":38,"column":6},"end":{"line":40,"column":null}}]},"6":{"loc":{"start":{"line":55,"column":4},"end":{"line":57,"column":null}},"type":"if","locations":[{"start":{"line":55,"column":4},"end":{"line":57,"column":null}}]},"7":{"loc":{"start":{"line":72,"column":11},"end":{"line":72,"column":27}},"type":"binary-expr","locations":[{"start":{"line":72,"column":11},"end":{"line":72,"column":17}},{"start":{"line":72,"column":21},"end":{"line":72,"column":27}}]},"8":{"loc":{"start":{"line":73,"column":15},"end":{"line":73,"column":56}},"type":"cond-expr","locations":[{"start":{"line":73,"column":35},"end":{"line":73,"column":44}},{"start":{"line":73,"column":47},"end":{"line":73,"column":56}}]},"9":{"loc":{"start":{"line":96,"column":6},"end":{"line":98,"column":null}},"type":"if","locations":[{"start":{"line":96,"column":6},"end":{"line":98,"column":null}}]},"10":{"loc":{"start":{"line":111,"column":11},"end":{"line":111,"column":37}},"type":"binary-expr","locations":[{"start":{"line":111,"column":11},"end":{"line":111,"column":16}},{"start":{"line":111,"column":20},"end":{"line":111,"column":37}}]}},"s":{"0":4,"1":2,"2":2,"3":16,"4":9,"5":7,"6":7,"7":7,"8":7,"9":8,"10":9,"11":8,"12":3,"13":8,"14":10,"15":8,"16":1,"17":8,"18":7,"19":7,"20":7,"21":2,"22":4,"23":1,"24":1,"25":7,"26":4,"27":3,"28":3,"29":3,"30":3,"31":3,"32":3,"33":3,"34":3,"35":3,"36":5,"37":3,"38":3,"39":3,"40":0,"41":3,"42":3,"43":8,"44":1,"45":4,"46":1,"47":1,"48":1,"49":4,"50":4,"51":6,"52":5,"53":1,"54":4,"55":1,"56":1,"57":1,"58":4,"59":4,"60":4,"61":5,"62":5,"63":4,"64":1,"65":4},"f":{"0":2,"1":16,"2":1,"3":7,"4":3,"5":1,"6":1},"b":{"0":[9],"1":[17,12],"2":[3],"3":[18,11],"4":[1],"5":[7],"6":[4],"7":[8,8],"8":[1,4],"9":[5],"10":[9,6]}}
,"/Users/jiangjin/Documents/02_gin/gin-algorithm/src/04_912.排序数组(M)/index.ts": {"path":"/Users/jiangjin/Documents/02_gin/gin-algorithm/src/04_912.排序数组(M)/index.ts","statementMap":{"0":{"start":{"line":3,"column":0},"end":{"line":3,"column":31}}},"fnMap":{},"branchMap":{},"s":{"0":4},"f":{},"b":{}}
,"/Users/jiangjin/Documents/02_gin/gin-algorithm/src/utils/array.ts": {"path":"/Users/jiangjin/Documents/02_gin/gin-algorithm/src/utils/array.ts","statementMap":{"0":{"start":{"line":2,"column":26},"end":{"line":2,"column":null}},"1":{"start":{"line":3,"column":14},"end":{"line":3,"column":16}},"2":{"start":{"line":4,"column":2},"end":{"line":7,"column":null}},"3":{"start":{"line":4,"column":15},"end":{"line":4,"column":16}},"4":{"start":{"line":5,"column":17},"end":{"line":5,"column":48}},"5":{"start":{"line":6,"column":4},"end":{"line":6,"column":null}},"6":{"start":{"line":9,"column":2},"end":{"line":9,"column":null}},"7":{"start":{"line":2,"column":0},"end":{"line":2,"column":16}},"8":{"start":{"line":14,"column":14},"end":{"line":14,"column":20}},"9":{"start":{"line":15,"column":2},"end":{"line":15,"column":null}},"10":{"start":{"line":16,"column":2},"end":{"line":16,"column":null}},"11":{"start":{"line":13,"column":0},"end":{"line":13,"column":16}},"12":{"start":{"line":21,"column":2},"end":{"line":21,"column":null}},"13":{"start":{"line":24,"column":4},"end":{"line":26,"column":null}},"14":{"start":{"line":25,"column":6},"end":{"line":25,"column":null}},"15":{"start":{"line":28,"column":4},"end":{"line":48,"column":null}},"16":{"start":{"line":29,"column":25},"end":{"line":29,"column":27}},"17":{"start":{"line":30,"column":6},"end":{"line":32,"column":null}},"18":{"start":{"line":31,"column":8},"end":{"line":31,"column":null}},"19":{"start":{"line":34,"column":6},"end":{"line":34,"column":null}},"20":{"start":{"line":35,"column":11},"end":{"line":48,"column":null}},"21":{"start":{"line":36,"column":6},"end":{"line":45,"column":null}},"22":{"start":{"line":37,"column":8},"end":{"line":37,"column":null}},"23":{"start":{"line":39,"column":41},"end":{"line":39,"column":43}},"24":{"start":{"line":40,"column":21},"end":{"line":40,"column":35}},"25":{"start":{"line":41,"column":8},"end":{"line":43,"column":null}},"26":{"start":{"line":41,"column":21},"end":{"line":41,"column":22}},"27":{"start":{"line":42,"column":10},"end":{"line":42,"column":null}},"28":{"start":{"line":44,"column":8},"end":{"line":44,"column":null}},"29":{"start":{"line":47,"column":6},"end":{"line":47,"column":null}},"30":{"start":{"line":20,"column":0},"end":{"line":20,"column":16}}},"fnMap":{"0":{"name":"createArr","decl":{"start":{"line":2,"column":16},"end":{"line":2,"column":25}},"loc":{"start":{"line":2,"column":35},"end":{"line":10,"column":1}}},"1":{"name":"swap","decl":{"start":{"line":13,"column":16},"end":{"line":13,"column":20}},"loc":{"start":{"line":13,"column":53},"end":{"line":17,"column":1}}},"2":{"name":"deep_clone","decl":{"start":{"line":20,"column":16},"end":{"line":20,"column":26}},"loc":{"start":{"line":20,"column":49},"end":{"line":50,"column":1}}},"3":{"name":"rec","decl":{"start":{"line":23,"column":11},"end":{"line":23,"column":14}},"loc":{"start":{"line":23,"column":40},"end":{"line":49,"column":3}}},"4":{"name":"(anonymous_4)","decl":{"start":{"line":30,"column":16},"end":{"line":30,"column":20}},"loc":{"start":{"line":30,"column":20},"end":{"line":32,"column":7}}}},"branchMap":{"0":{"loc":{"start":{"line":2,"column":26},"end":{"line":2,"column":null}},"type":"if","locations":[{"start":{"line":2,"column":26},"end":{"line":2,"column":null}}]},"1":{"loc":{"start":{"line":24,"column":4},"end":{"line":26,"column":null}},"type":"if","locations":[{"start":{"line":24,"column":4},"end":{"line":26,"column":null}}]},"2":{"loc":{"start":{"line":24,"column":8},"end":{"line":24,"column":89}},"type":"binary-expr","locations":[{"start":{"line":24,"column":8},"end":{"line":24,"column":29}},{"start":{"line":24,"column":33},"end":{"line":24,"column":43}},{"start":{"line":24,"column":47},"end":{"line":24,"column":62}},{"start":{"line":24,"column":66},"end":{"line":24,"column":89}}]},"3":{"loc":{"start":{"line":28,"column":4},"end":{"line":48,"column":null}},"type":"if","locations":[{"start":{"line":28,"column":4},"end":{"line":48,"column":null}},{"start":{"line":35,"column":11},"end":{"line":48,"column":null}}]},"4":{"loc":{"start":{"line":35,"column":11},"end":{"line":48,"column":null}},"type":"if","locations":[{"start":{"line":35,"column":11},"end":{"line":48,"column":null}},{"start":{"line":46,"column":11},"end":{"line":48,"column":null}}]},"5":{"loc":{"start":{"line":36,"column":6},"end":{"line":45,"column":null}},"type":"if","locations":[{"start":{"line":36,"column":6},"end":{"line":45,"column":null}},{"start":{"line":38,"column":13},"end":{"line":45,"column":null}}]}},"s":{"0":0,"1":0,"2":0,"3":0,"4":0,"5":0,"6":0,"7":4,"8":5,"9":5,"10":5,"11":4,"12":0,"13":0,"14":0,"15":0,"16":0,"17":0,"18":0,"19":0,"20":0,"21":0,"22":0,"23":0,"24":0,"25":0,"26":0,"27":0,"28":0,"29":0,"30":4},"f":{"0":0,"1":5,"2":0,"3":0,"4":0},"b":{"0":[0],"1":[0],"2":[0,0,0,0],"3":[0,0],"4":[0,0],"5":[0,0]}}
,"/Users/jiangjin/Documents/02_gin/gin-algorithm/src/utils/index.ts": {"path":"/Users/jiangjin/Documents/02_gin/gin-algorithm/src/utils/index.ts","statementMap":{"0":{"start":{"line":1,"column":0},"end":{"line":1,"column":23}},"1":{"start":{"line":2,"column":0},"end":{"line":2,"column":22}},"2":{"start":{"line":3,"column":0},"end":{"line":3,"column":22}}},"fnMap":{},"branchMap":{},"s":{"0":4,"1":4,"2":4},"f":{},"b":{}}
,"/Users/jiangjin/Documents/02_gin/gin-algorithm/src/utils/list.ts": {"path":"/Users/jiangjin/Documents/02_gin/gin-algorithm/src/utils/list.ts","statementMap":{"0":{"start":{"line":1,"column":0},"end":{"line":1,"column":13}},"1":{"start":{"line":6,"column":4},"end":{"line":6,"column":null}},"2":{"start":{"line":7,"column":4},"end":{"line":7,"column":null}},"3":{"start":{"line":9,"column":0},"end":{"line":9,"column":null}},"4":{"start":{"line":1,"column":13},"end":{"line":1,"column":21}},"5":{"start":{"line":11,"column":27},"end":{"line":11,"column":null}},"6":{"start":{"line":12,"column":2},"end":{"line":12,"column":20}},"7":{"start":{"line":12,"column":14},"end":{"line":12,"column":20}},"8":{"start":{"line":14,"column":15},"end":{"line":14,"column":30}},"9":{"start":{"line":15,"column":18},"end":{"line":15,"column":22}},"10":{"start":{"line":17,"column":2},"end":{"line":22,"column":null}},"11":{"start":{"line":17,"column":15},"end":{"line":17,"column":16}},"12":{"start":{"line":18,"column":20},"end":{"line":18,"column":39}},"13":{"start":{"line":19,"column":4},"end":{"line":19,"column":null}},"14":{"start":{"line":21,"column":4},"end":{"line":21,"column":null}},"15":{"start":{"line":24,"column":2},"end":{"line":24,"column":null}},"16":{"start":{"line":11,"column":0},"end":{"line":11,"column":16}},"17":{"start":{"line":28,"column":14},"end":{"line":28,"column":18}},"18":{"start":{"line":29,"column":2},"end":{"line":31,"column":null}},"19":{"start":{"line":30,"column":4},"end":{"line":30,"column":null}},"20":{"start":{"line":27,"column":0},"end":{"line":27,"column":16}}},"fnMap":{"0":{"name":"(anonymous_0)","decl":{"start":{"line":1,"column":0},"end":{"line":1,"column":13}},"loc":{"start":{"line":1,"column":0},"end":{"line":9,"column":null}}},"1":{"name":"ListNode","decl":{"start":{"line":5,"column":2},"end":{"line":5,"column":14}},"loc":{"start":{"line":5,"column":40},"end":{"line":8,"column":3}}},"2":{"name":"createList","decl":{"start":{"line":11,"column":16},"end":{"line":11,"column":26}},"loc":{"start":{"line":11,"column":32},"end":{"line":25,"column":1}}},"3":{"name":"traverseList","decl":{"start":{"line":27,"column":16},"end":{"line":27,"column":28}},"loc":{"start":{"line":27,"column":55},"end":{"line":32,"column":1}}}},"branchMap":{"0":{"loc":{"start":{"line":11,"column":27},"end":{"line":11,"column":null}},"type":"if","locations":[{"start":{"line":11,"column":27},"end":{"line":11,"column":null}}]},"1":{"loc":{"start":{"line":12,"column":2},"end":{"line":12,"column":20}},"type":"if","locations":[{"start":{"line":12,"column":2},"end":{"line":12,"column":20}}]}},"s":{"0":4,"1":0,"2":0,"3":4,"4":4,"5":0,"6":0,"7":0,"8":0,"9":0,"10":0,"11":0,"12":0,"13":0,"14":0,"15":0,"16":4,"17":0,"18":0,"19":0,"20":4},"f":{"0":4,"1":0,"2":0,"3":0},"b":{"0":[0],"1":[0]}}
,"/Users/jiangjin/Documents/02_gin/gin-algorithm/src/utils/tree.ts": {"path":"/Users/jiangjin/Documents/02_gin/gin-algorithm/src/utils/tree.ts","statementMap":{"0":{"start":{"line":1,"column":0},"end":{"line":1,"column":13}},"1":{"start":{"line":3,"column":2},"end":{"line":3,"column":null}},"2":{"start":{"line":4,"column":2},"end":{"line":4,"column":null}},"3":{"start":{"line":7,"column":4},"end":{"line":7,"column":null}},"4":{"start":{"line":8,"column":4},"end":{"line":8,"column":null}},"5":{"start":{"line":9,"column":4},"end":{"line":9,"column":null}},"6":{"start":{"line":11,"column":0},"end":{"line":11,"column":null}},"7":{"start":{"line":1,"column":13},"end":{"line":1,"column":21}},"8":{"start":{"line":15,"column":2},"end":{"line":15,"column":null}},"9":{"start":{"line":15,"column":22},"end":{"line":15,"column":null}},"10":{"start":{"line":17,"column":28},"end":{"line":17,"column":30}},"11":{"start":{"line":18,"column":15},"end":{"line":18,"column":35}},"12":{"start":{"line":20,"column":2},"end":{"line":20,"column":null}},"13":{"start":{"line":22,"column":15},"end":{"line":22,"column":19}},"14":{"start":{"line":23,"column":2},"end":{"line":41,"column":null}},"15":{"start":{"line":23,"column":15},"end":{"line":23,"column":16}},"16":{"start":{"line":24,"column":19},"end":{"line":24,"column":42}},"17":{"start":{"line":26,"column":4},"end":{"line":40,"column":null}},"18":{"start":{"line":27,"column":6},"end":{"line":30,"column":null}},"19":{"start":{"line":28,"column":8},"end":{"line":28,"column":null}},"20":{"start":{"line":29,"column":8},"end":{"line":29,"column":null}},"21":{"start":{"line":31,"column":6},"end":{"line":31,"column":null}},"22":{"start":{"line":33,"column":6},"end":{"line":36,"column":null}},"23":{"start":{"line":34,"column":8},"end":{"line":34,"column":null}},"24":{"start":{"line":35,"column":8},"end":{"line":35,"column":null}},"25":{"start":{"line":38,"column":6},"end":{"line":38,"column":null}},"26":{"start":{"line":39,"column":6},"end":{"line":39,"column":null}},"27":{"start":{"line":43,"column":2},"end":{"line":43,"column":null}},"28":{"start":{"line":14,"column":0},"end":{"line":14,"column":16}},"29":{"start":{"line":48,"column":2},"end":{"line":48,"column":null}},"30":{"start":{"line":51,"column":4},"end":{"line":53,"column":null}},"31":{"start":{"line":52,"column":6},"end":{"line":52,"column":null}},"32":{"start":{"line":55,"column":4},"end":{"line":57,"column":null}},"33":{"start":{"line":56,"column":6},"end":{"line":56,"column":null}},"34":{"start":{"line":59,"column":17},"end":{"line":59,"column":45}},"35":{"start":{"line":61,"column":4},"end":{"line":61,"column":null}},"36":{"start":{"line":62,"column":4},"end":{"line":62,"column":null}},"37":{"start":{"line":64,"column":4},"end":{"line":64,"column":null}},"38":{"start":{"line":47,"column":0},"end":{"line":47,"column":16}}},"fnMap":{"0":{"name":"(anonymous_0)","decl":{"start":{"line":1,"column":0},"end":{"line":1,"column":13}},"loc":{"start":{"line":1,"column":0},"end":{"line":11,"column":null}}},"1":{"name":"TreeNode","decl":{"start":{"line":6,"column":2},"end":{"line":6,"column":14}},"loc":{"start":{"line":6,"column":81},"end":{"line":10,"column":3}}},"2":{"name":"arr2tree","decl":{"start":{"line":14,"column":16},"end":{"line":14,"column":24}},"loc":{"start":{"line":14,"column":47},"end":{"line":44,"column":1}}},"3":{"name":"arr2tree2","decl":{"start":{"line":47,"column":16},"end":{"line":47,"column":25}},"loc":{"start":{"line":47,"column":48},"end":{"line":66,"column":1}}},"4":{"name":"createTreeNode","decl":{"start":{"line":50,"column":11},"end":{"line":50,"column":25}},"loc":{"start":{"line":50,"column":63},"end":{"line":65,"column":3}}}},"branchMap":{"0":{"loc":{"start":{"line":15,"column":2},"end":{"line":15,"column":null}},"type":"if","locations":[{"start":{"line":15,"column":2},"end":{"line":15,"column":null}}]},"1":{"loc":{"start":{"line":26,"column":4},"end":{"line":40,"column":null}},"type":"if","locations":[{"start":{"line":26,"column":4},"end":{"line":40,"column":null}},{"start":{"line":32,"column":11},"end":{"line":40,"column":null}}]},"2":{"loc":{"start":{"line":27,"column":6},"end":{"line":30,"column":null}},"type":"if","locations":[{"start":{"line":27,"column":6},"end":{"line":30,"column":null}}]},"3":{"loc":{"start":{"line":33,"column":6},"end":{"line":36,"column":null}},"type":"if","locations":[{"start":{"line":33,"column":6},"end":{"line":36,"column":null}}]},"4":{"loc":{"start":{"line":51,"column":4},"end":{"line":53,"column":null}},"type":"if","locations":[{"start":{"line":51,"column":4},"end":{"line":53,"column":null}}]},"5":{"loc":{"start":{"line":55,"column":4},"end":{"line":57,"column":null}},"type":"if","locations":[{"start":{"line":55,"column":4},"end":{"line":57,"column":null}}]}},"s":{"0":4,"1":5,"2":5,"3":5,"4":5,"5":5,"6":4,"7":4,"8":1,"9":0,"10":1,"11":1,"12":1,"13":1,"14":1,"15":1,"16":6,"17":6,"18":3,"19":2,"20":2,"21":3,"22":3,"23":2,"24":2,"25":3,"26":3,"27":1,"28":4,"29":0,"30":0,"31":0,"32":0,"33":0,"34":0,"35":0,"36":0,"37":0,"38":4},"f":{"0":4,"1":5,"2":1,"3":0,"4":0},"b":{"0":[0],"1":[3,3],"2":[2],"3":[2],"4":[0],"5":[0]}}
}
