TN:
SF:src/index.ts
FNF:0
FNH:0
DA:1,2
DA:2,2
LF:2
LH:2
BRF:0
BRH:0
end_of_record
TN:
SF:src/01_50.pow(L)/01_50.pow(L)_7.4.ts
FN:8,quickMul
FNF:1
FNH:1
FNDA:17,quickMul
DA:8,2
DA:9,17
DA:10,4
DA:13,13
DA:15,13
LF:5
LH:5
BRDA:9,0,0,4
BRDA:15,1,0,7
BRDA:15,1,1,6
BRF:3
BRH:3
end_of_record
TN:
SF:src/01_50.pow(L)/index.ts
FNF:0
FNH:0
DA:1,2
LF:1
LH:1
BRF:0
BRH:0
end_of_record
TN:
SF:src/02_155最小栈(L)/02_155最小栈(L)_7.4.ts
FN:14,(anonymous_0)
FN:15,MinStack
FN:19,(anonymous_2)
FN:23,(anonymous_3)
FN:28,(anonymous_4)
FN:31,(anonymous_5)
FNF:6
FNH:6
FNDA:2,(anonymous_0)
FNDA:2,MinStack
FNDA:3,(anonymous_2)
FNDA:1,(anonymous_3)
FNDA:1,(anonymous_4)
FNDA:2,(anonymous_5)
DA:5,2
DA:6,2
DA:14,2
DA:16,2
DA:17,2
DA:19,2
DA:20,3
DA:21,3
DA:23,2
DA:24,1
DA:25,1
DA:26,1
DA:28,2
DA:29,1
DA:31,2
DA:32,2
DA:34,2
DA:36,2
LF:18
LH:18
BRF:0
BRH:0
end_of_record
TN:
SF:src/02_155最小栈(L)/index.ts
FNF:0
FNH:0
DA:1,2
LF:1
LH:1
BRF:0
BRH:0
end_of_record
